<?xml version="1.0" encoding="UTF-8"?>
<!-- Generated by org.testng.reporters.JUnitReportReporter -->
<testsuite hostname="TYC1221031" failures="0" tests="1" name="com.crm.createContacts.CreateContactsTest" time="33.725" errors="0" timestamp="2022-06-24T08:01:56 IST" skipped="0">
  <testcase classname="com.crm.createContacts.CreateContactsTest" name="createContactTest" time="33.725"/>
  <system-out>
    <![CDATA[createContactTest is pass]]>
  </system-out>
</testsuite> <!-- com.crm.createContacts.CreateContactsTest -->
